<?xml version="1.0" encoding="UTF-8"?>
<!-- Generated by org.testng.reporters.JUnitXMLReporter -->
<testsuite ignored="3" hostname="DESKTOP-NNGQNDK" failures="0" tests="3" name="Users and Products" time="0.054" errors="0" timestamp="2021-11-14T14:51:13 IST">
  <testcase classname="com.sgtesting.tests.users.Users" name="createUser" time="0.004"/>
  <testcase classname="com.sgtesting.tests.products.Products" name="deleteProduct" time="0.001"/>
  <testcase classname="com.sgtesting.tests.products.Products" name="modifyProduct" time="0.001"/>
  <testcase classname="com.sgtesting.tests.users.Users" name="deleteUser" time="0.0">
    <ignored/>
  </testcase> <!-- deleteUser -->
  <testcase classname="com.sgtesting.tests.users.Users" name="modifyUser" time="0.0">
    <ignored/>
  </testcase> <!-- modifyUser -->
  <testcase classname="com.sgtesting.tests.products.Products" name="createProduct" time="0.0">
    <ignored/>
  </testcase> <!-- createProduct -->
</testsuite> <!-- Users and Products -->
