<?xml version="1.0" encoding="UTF-8"?>
<!-- Generated by org.testng.reporters.JUnitXMLReporter -->
<testsuite ignored="0" hostname="DESKTOP-NNGQNDK" failures="0" tests="3" name="Users" time="0.051" errors="0" timestamp="2021-11-14T14:40:34 IST">
  <testcase classname="com.sgtesting.tests.users.Users" name="createUser" time="0.005"/>
  <testcase classname="com.sgtesting.tests.users.Users" name="deleteUser" time="0.001"/>
  <testcase classname="com.sgtesting.tests.users.Users" name="modifyUser" time="0.001"/>
</testsuite> <!-- Users -->
