<?xml version="1.0" encoding="UTF-8"?>
<!-- Generated by org.testng.reporters.JUnitXMLReporter -->
<testsuite ignored="0" hostname="DESKTOP-NNGQNDK" failures="0" tests="6" name="Users and Products" time="0.076" errors="0" timestamp="2021-11-14T14:30:43 IST">
  <testcase classname="com.sgtesting.tests.users.Users" name="createUser" time="0.008"/>
  <testcase classname="com.sgtesting.tests.users.Users" name="deleteUser" time="0.001"/>
  <testcase classname="com.sgtesting.tests.users.Users" name="modifyUser" time="0.001"/>
  <testcase classname="com.sgtesting.tests.products.Products" name="createProduct" time="0.001"/>
  <testcase classname="com.sgtesting.tests.products.Products" name="deleteProduct" time="0.0"/>
  <testcase classname="com.sgtesting.tests.products.Products" name="modifyProduct" time="0.001"/>
</testsuite> <!-- Users and Products -->
