<?xml version="1.0" encoding="UTF-8"?>
<testng-results ignored="0" total="2" passed="2" failed="0" skipped="0">
  <reporter-output>
  </reporter-output>
  <suite started-at="2021-11-14T15:48:51 IST" name="Default suite" finished-at="2021-11-14T15:48:51 IST" duration-ms="44">
    <groups>
    </groups>
    <test started-at="2021-11-14T15:48:51 IST" name="Default test" finished-at="2021-11-14T15:48:51 IST" duration-ms="44">
      <class name="com.sgtesting.tests.annotationssummary.AnnotationsSummary">
        <test-method is-config="true" signature="beforeSuite()[pri:0, instance:com.sgtesting.tests.annotationssummary.AnnotationsSummary@41e1e210]" started-at="2021-11-14T15:48:51 IST" name="beforeSuite" finished-at="2021-11-14T15:48:51 IST" duration-ms="8" status="PASS">
          <reporter-output>
          </reporter-output>
        </test-method> <!-- beforeSuite -->
        <test-method is-config="true" signature="beforeTest()[pri:0, instance:com.sgtesting.tests.annotationssummary.AnnotationsSummary@41e1e210]" started-at="2021-11-14T15:48:51 IST" name="beforeTest" finished-at="2021-11-14T15:48:51 IST" duration-ms="0" status="PASS">
          <reporter-output>
          </reporter-output>
        </test-method> <!-- beforeTest -->
        <test-method is-config="true" signature="beforeClass()[pri:0, instance:com.sgtesting.tests.annotationssummary.AnnotationsSummary@41e1e210]" started-at="2021-11-14T15:48:51 IST" name="beforeClass" finished-at="2021-11-14T15:48:51 IST" duration-ms="1" status="PASS">
          <reporter-output>
          </reporter-output>
        </test-method> <!-- beforeClass -->
        <test-method is-config="true" signature="beforeMethod()[pri:0, instance:com.sgtesting.tests.annotationssummary.AnnotationsSummary@41e1e210]" started-at="2021-11-14T15:48:51 IST" name="beforeMethod" finished-at="2021-11-14T15:48:51 IST" duration-ms="0" status="PASS">
          <reporter-output>
          </reporter-output>
        </test-method> <!-- beforeMethod -->
        <test-method signature="test1_Annotations()[pri:0, instance:com.sgtesting.tests.annotationssummary.AnnotationsSummary@41e1e210]" started-at="2021-11-14T15:48:51 IST" name="test1_Annotations" finished-at="2021-11-14T15:48:51 IST" duration-ms="5" status="PASS">
          <reporter-output>
          </reporter-output>
        </test-method> <!-- test1_Annotations -->
        <test-method is-config="true" signature="afterMethod()[pri:0, instance:com.sgtesting.tests.annotationssummary.AnnotationsSummary@41e1e210]" started-at="2021-11-14T15:48:51 IST" name="afterMethod" finished-at="2021-11-14T15:48:51 IST" duration-ms="0" status="PASS">
          <reporter-output>
          </reporter-output>
        </test-method> <!-- afterMethod -->
        <test-method is-config="true" signature="beforeMethod()[pri:0, instance:com.sgtesting.tests.annotationssummary.AnnotationsSummary@41e1e210]" started-at="2021-11-14T15:48:51 IST" name="beforeMethod" finished-at="2021-11-14T15:48:51 IST" duration-ms="0" status="PASS">
          <reporter-output>
          </reporter-output>
        </test-method> <!-- beforeMethod -->
        <test-method signature="test2_Annotations()[pri:0, instance:com.sgtesting.tests.annotationssummary.AnnotationsSummary@41e1e210]" started-at="2021-11-14T15:48:51 IST" name="test2_Annotations" finished-at="2021-11-14T15:48:51 IST" duration-ms="3" status="PASS">
          <reporter-output>
          </reporter-output>
        </test-method> <!-- test2_Annotations -->
        <test-method is-config="true" signature="afterMethod()[pri:0, instance:com.sgtesting.tests.annotationssummary.AnnotationsSummary@41e1e210]" started-at="2021-11-14T15:48:51 IST" name="afterMethod" finished-at="2021-11-14T15:48:51 IST" duration-ms="0" status="PASS">
          <reporter-output>
          </reporter-output>
        </test-method> <!-- afterMethod -->
        <test-method is-config="true" signature="afterClass()[pri:0, instance:com.sgtesting.tests.annotationssummary.AnnotationsSummary@41e1e210]" started-at="2021-11-14T15:48:51 IST" name="afterClass" finished-at="2021-11-14T15:48:51 IST" duration-ms="1" status="PASS">
          <reporter-output>
          </reporter-output>
        </test-method> <!-- afterClass -->
        <test-method is-config="true" signature="afterTest()[pri:0, instance:com.sgtesting.tests.annotationssummary.AnnotationsSummary@41e1e210]" started-at="2021-11-14T15:48:51 IST" name="afterTest" finished-at="2021-11-14T15:48:51 IST" duration-ms="0" status="PASS">
          <reporter-output>
          </reporter-output>
        </test-method> <!-- afterTest -->
        <test-method is-config="true" signature="afterSuite()[pri:0, instance:com.sgtesting.tests.annotationssummary.AnnotationsSummary@41e1e210]" started-at="2021-11-14T15:48:51 IST" name="afterSuite" finished-at="2021-11-14T15:48:51 IST" duration-ms="0" status="PASS">
          <reporter-output>
          </reporter-output>
        </test-method> <!-- afterSuite -->
      </class> <!-- com.sgtesting.tests.annotationssummary.AnnotationsSummary -->
    </test> <!-- Default test -->
  </suite> <!-- Default suite -->
</testng-results>
