<?xml version="1.0" encoding="UTF-8"?>
<!-- Generated by org.testng.reporters.JUnitXMLReporter -->
<testsuite ignored="0" hostname="DESKTOP-NNGQNDK" failures="0" tests="2" name="Default test" time="0.044" errors="0" timestamp="2021-11-14T15:48:51 IST">
  <testcase classname="com.sgtesting.tests.annotationssummary.AnnotationsSummary" name="test1_Annotations" time="0.005"/>
  <testcase classname="com.sgtesting.tests.annotationssummary.AnnotationsSummary" name="test2_Annotations" time="0.003"/>
</testsuite> <!-- Default test -->
